[18:38:17] INFO: ===== Starting Proctoring Session using mediapipe ===== 
[18:38:17] INFO: Video: video_input/test2.mp4
[18:38:23] WARNING: Phone usage started at [00:00:24] and ended at [00:00:25] (Duration: 0m 1s)                 Incorrect
[18:38:24] WARNING: Partial face started at [00:00:25] and ended at [00:00:26] (Duration: 0m 1s)                Correct
[18:38:24] WARNING: Candidate looking away started at [00:00:24] and ended at [00:00:28] (Duration: 0m 4s)      Correct
[18:38:27] WARNING: Partial face started at [00:00:34] and ended at [00:00:39] (Duration: 0m 5s)                Correct
[18:38:27] WARNING: Multiple persons detected started at [00:00:40] and ended at [00:00:41] (Duration: 0m 1s) | Person count: 2         Incorrect
[18:38:28] WARNING: Face not detected started at [00:00:39] and ended at [00:00:44] (Duration: 0m 5s)                                   Incorrect
[18:38:30] WARNING: Partial face started at [00:00:44] and ended at [00:00:51] (Duration: 0m 7s)                                        Incorrect
[18:38:33] WARNING: Candidate looking away started at [00:01:06] and ended at [00:01:08] (Duration: 0m 2s)                              Correct
[18:38:33] WARNING: Partial face started at [00:01:08] and ended at [00:01:09] (Duration: 0m 1s)                                        Incorrect
[18:38:36] WARNING: Partial face started at [00:01:16] and ended at [00:01:22] (Duration: 0m 6s)                                        90% correct
[18:38:37] WARNING: Candidate looking away started at [00:01:24] and ended at [00:01:25] (Duration: 0m 1s)                              Correct
[18:38:38] WARNING: Partial face started at [00:01:26] and ended at [00:01:27] (Duration: 0m 1s)                                        Correct
[18:38:39] WARNING: Face not detected started at [00:01:27] and ended at [00:01:34] (Duration: 0m 7s)                                   Correct
[18:38:40] WARNING: No person detected started at [00:01:28] and ended at [00:01:35] (Duration: 0m 7s) | Person count: 0                Correct
[18:38:40] WARNING: Candidate looking away started at [00:01:35] and ended at [00:01:36] (Duration: 0m 1s)                              Correct
[18:38:40] WARNING: Partial face started at [00:01:35] and ended at [00:01:37] (Duration: 0m 2s)                                        Incorrect
[18:38:43] WARNING: Phone usage started at [00:01:48] and ended at [00:01:50] (Duration: 0m 2s)                                         Incorrect because phone usages started at 00:01:42
[18:38:44] WARNING: Phone usage started at [00:01:57] and ended at [00:01:58] (Duration: 0m 1s)                                         Correct
[18:38:45] WARNING: Phone usage started at [00:01:59] and ended at [00:02:00] (Duration: 0m 1s)                                         Correct
[18:38:46] WARNING: Partial face started at [00:02:00] and ended at [00:02:03] (Duration: 0m 3s)                                        Correct
[18:38:46] WARNING: Phone usage started at [00:02:02] and ended at [00:02:03] (Duration: 0m 1s)                                         Correct
[18:38:46] WARNING: Partial face started at [00:02:05] and ended at [00:02:06] (Duration: 0m 1s)                                        Incorrect
[18:38:46] WARNING: Phone usage started at [00:02:06] and ended at [00:02:07] (Duration: 0m 1s)                                         Correct
[18:38:47] WARNING: Phone usage started at [00:02:08] and ended at [00:02:09] (Duration: 0m 1s)                                         Incorrect
[18:38:49] WARNING: Partial face started at [00:02:18] and ended at [00:02:21] (Duration: 0m 3s)                                        Correct                             
[18:38:49] WARNING: Candidate looking away started at [00:02:15] and ended at [00:02:21] (Duration: 0m 6s)                              Incorrect
[18:38:51] WARNING: Face not detected started at [00:02:21] and ended at [00:02:28] (Duration: 0m 7s)                                   Correct
[18:38:51] WARNING: Partial face started at [00:02:28] and ended at [00:02:31] (Duration: 0m 3s)                                        Correct
[18:38:51] WARNING: Candidate looking away started at [00:02:28] and ended at [00:02:31] (Duration: 0m 3s)                              Correct
[18:38:52] WARNING: Face not detected started at [00:02:31] and ended at [00:02:32] (Duration: 0m 1s)                                   Incorrect                               
[18:38:53] WARNING: Partial face started at [00:02:32] and ended at [00:02:36] (Duration: 0m 4s)                                        Incorrect
[18:38:53] WARNING: Candidate looking away started at [00:02:32] and ended at [00:02:38] (Duration: 0m 6s)                              Incorrect
[18:38:56] INFO: ===== Proctoring Session Ended =====


Accurarry percentage : 49.69%
