[22:00:41] INFO: ===== Starting Proctoring Session =====
[22:00:41] INFO: Video: video_input/test2.mp4
[22:03:04] INFO: ===== Starting Proctoring Session =====
[22:03:04] INFO: Video: video_input/test2.mp4
[22:04:51] INFO: ===== Starting Proctoring Session =====
[22:04:51] INFO: Video: video_input/test2.mp4
[22:04:57] WARNING: Partial face started at [00:00:24] and ended at [00:00:26] (Duration: 0m 2s)
[22:04:57] WARNING: Candidate looking away started at [00:00:24] and ended at [00:00:26] (Duration: 0m 2s)
[22:04:57] WARNING: Phone usage started at [00:00:24] and ended at [00:00:26] (Duration: 0m 2s)
[22:04:58] WARNING: Face not detected started at [00:00:26] and ended at [00:00:28] (Duration: 0m 2s)
[22:05:00] WARNING: Partial face started at [00:00:34] and ended at [00:00:36] (Duration: 0m 2s)
[22:05:01] WARNING: Multiple persons detected started at [00:00:40] and ended at [00:00:42] (Duration: 0m 2s) | Person count: 2
[22:05:02] WARNING: Face not detected started at [00:00:36] and ended at [00:00:46] (Duration: 0m 10s)
[22:05:03] WARNING: Partial face started at [00:00:48] and ended at [00:00:50] (Duration: 0m 2s)
[22:05:06] WARNING: Face not detected started at [00:01:02] and ended at [00:01:06] (Duration: 0m 4s)
[22:05:07] WARNING: Partial face started at [00:01:06] and ended at [00:01:08] (Duration: 0m 2s)
[22:05:07] WARNING: Face not detected started at [00:01:08] and ended at [00:01:10] (Duration: 0m 2s)
[22:05:09] WARNING: Partial face started at [00:01:16] and ended at [00:01:18] (Duration: 0m 2s)
[22:05:11] WARNING: Face not detected started at [00:01:18] and ended at [00:01:26] (Duration: 0m 8s)
[22:05:12] WARNING: Partial face started at [00:01:26] and ended at [00:01:28] (Duration: 0m 2s)
[22:05:14] WARNING: No person detected started at [00:01:28] and ended at [00:01:36] (Duration: 0m 8s) | Person count: 0
[22:05:15] WARNING: Face not detected started at [00:01:28] and ended at [00:01:42] (Duration: 0m 14s)
[22:05:17] WARNING: Phone usage started at [00:01:48] and ended at [00:01:50] (Duration: 0m 2s)
[22:05:18] WARNING: Face not detected started at [00:01:50] and ended at [00:01:54] (Duration: 0m 4s)
[22:05:21] WARNING: Face not detected started at [00:01:58] and ended at [00:02:04] (Duration: 0m 6s)
[22:05:21] WARNING: Phone usage started at [00:02:02] and ended at [00:02:04] (Duration: 0m 2s)
[22:05:22] WARNING: Face not detected started at [00:02:06] and ended at [00:02:10] (Duration: 0m 4s)
[22:05:22] WARNING: Phone usage started at [00:02:06] and ended at [00:02:10] (Duration: 0m 4s)
[22:05:23] WARNING: Partial face started at [00:02:12] and ended at [00:02:14] (Duration: 0m 2s)
[22:05:24] WARNING: Candidate looking away started at [00:02:14] and ended at [00:02:18] (Duration: 0m 4s)
[22:05:32] INFO: ===== Proctoring Session Ended =====
[22:05:32] WARNING: Face not detected started at [00:02:18] and ended at [00:02:54] (Duration: 0m 36s)
[14:38:23] INFO: ===== Starting Proctoring Session =====
[14:38:23] INFO: Video: video_input/test2.mp4
[14:38:29] WARNING: Partial face started at [00:00:24] and ended at [00:00:26] (Duration: 0m 2s)
[14:38:29] WARNING: Candidate looking away started at [00:00:24] and ended at [00:00:26] (Duration: 0m 2s)
[14:38:29] WARNING: Phone usage started at [00:00:24] and ended at [00:00:26] (Duration: 0m 2s)
[14:38:29] WARNING: Face not detected started at [00:00:26] and ended at [00:00:28] (Duration: 0m 2s)
[14:38:31] WARNING: Partial face started at [00:00:34] and ended at [00:00:36] (Duration: 0m 2s)
[14:38:32] WARNING: Multiple persons detected started at [00:00:40] and ended at [00:00:42] (Duration: 0m 2s) | Person count: 2
[14:38:33] WARNING: Face not detected started at [00:00:36] and ended at [00:00:46] (Duration: 0m 10s)
[14:38:34] WARNING: Partial face started at [00:00:48] and ended at [00:00:50] (Duration: 0m 2s)
[14:38:37] WARNING: Face not detected started at [00:01:02] and ended at [00:01:06] (Duration: 0m 4s)
[14:38:38] WARNING: Partial face started at [00:01:06] and ended at [00:01:08] (Duration: 0m 2s)
[14:38:38] WARNING: Face not detected started at [00:01:08] and ended at [00:01:10] (Duration: 0m 2s)
[14:38:40] WARNING: Partial face started at [00:01:16] and ended at [00:01:18] (Duration: 0m 2s)
[14:38:42] WARNING: Face not detected started at [00:01:18] and ended at [00:01:26] (Duration: 0m 8s)
[14:38:42] WARNING: Partial face started at [00:01:26] and ended at [00:01:28] (Duration: 0m 2s)
[14:38:44] WARNING: No person detected started at [00:01:28] and ended at [00:01:36] (Duration: 0m 8s) | Person count: 0
[14:38:45] WARNING: Face not detected started at [00:01:28] and ended at [00:01:42] (Duration: 0m 14s)
[14:38:47] WARNING: Phone usage started at [00:01:48] and ended at [00:01:50] (Duration: 0m 2s)
[14:38:48] WARNING: Face not detected started at [00:01:50] and ended at [00:01:54] (Duration: 0m 4s)
[14:38:51] WARNING: Face not detected started at [00:01:58] and ended at [00:02:04] (Duration: 0m 6s)
[14:38:51] WARNING: Phone usage started at [00:02:02] and ended at [00:02:04] (Duration: 0m 2s)
[14:38:52] WARNING: Face not detected started at [00:02:06] and ended at [00:02:10] (Duration: 0m 4s)
[14:38:52] WARNING: Phone usage started at [00:02:06] and ended at [00:02:10] (Duration: 0m 4s)
[14:38:53] WARNING: Partial face started at [00:02:12] and ended at [00:02:14] (Duration: 0m 2s)
[14:38:54] WARNING: Candidate looking away started at [00:02:14] and ended at [00:02:18] (Duration: 0m 4s)
[14:39:02] INFO: ===== Proctoring Session Ended =====
[14:39:02] WARNING: Face not detected started at [00:02:18] and ended at [00:02:54] (Duration: 0m 36s)
 

 Accuraccy percentage was less than : 50%